app/build/intermediates/manifest_merge_blame_file/release/manifest-merger-blame-release-report.txt
1<?xml version="1.0" encoding="utf-8"?>
2<manifest xmlns:android="http://schemas.android.com/apk/res/android"
3    package="com.xinji.heartbeat"
4    android:versionCode="5"
5    android:versionName="2.3" >
6
7    <uses-sdk
8        android:minSdkVersion="24"
8-->src/main/AndroidManifest.xml
9        android:targetSdkVersion="34" />
9-->src/main/AndroidManifest.xml
10
11    <!-- Android 11+ 需要 QUERY_ALL_PACKAGES 才能枚举所有已安装应用 -->
12    <uses-permission android:name="android.permission.QUERY_ALL_PACKAGES" />
12-->src/main/AndroidManifest.xml:6:6-7:54
12-->src/main/AndroidManifest.xml:6:23-75
13    <uses-permission android:name="android.permission.BLUETOOTH" />
13-->src/main/AndroidManifest.xml:9:6-69
13-->src/main/AndroidManifest.xml:9:23-66
14    <uses-permission android:name="android.permission.BLUETOOTH_ADMIN" />
14-->src/main/AndroidManifest.xml:10:6-75
14-->src/main/AndroidManifest.xml:10:23-72
15    <uses-permission android:name="android.permission.ACCESS_FINE_LOCATION" />
15-->src/main/AndroidManifest.xml:11:6-80
15-->src/main/AndroidManifest.xml:11:23-77
16    <uses-permission android:name="android.permission.BLUETOOTH_SCAN" />
16-->src/main/AndroidManifest.xml:12:6-74
16-->src/main/AndroidManifest.xml:12:23-71
17    <uses-permission android:name="android.permission.BLUETOOTH_CONNECT" />
17-->src/main/AndroidManifest.xml:13:6-77
17-->src/main/AndroidManifest.xml:13:23-74
18    <uses-permission android:name="android.permission.SYSTEM_ALERT_WINDOW" />
18-->src/main/AndroidManifest.xml:14:6-79
18-->src/main/AndroidManifest.xml:14:23-76
19    <uses-permission android:name="android.permission.REQUEST_IGNORE_BATTERY_OPTIMIZATIONS" />
19-->src/main/AndroidManifest.xml:15:6-96
19-->src/main/AndroidManifest.xml:15:23-93
20    <uses-permission android:name="android.permission.POST_NOTIFICATIONS" />
20-->src/main/AndroidManifest.xml:16:6-78
20-->src/main/AndroidManifest.xml:16:23-75
21    <uses-permission android:name="android.permission.FOREGROUND_SERVICE" />
21-->src/main/AndroidManifest.xml:17:6-78
21-->src/main/AndroidManifest.xml:17:23-75
22    <uses-permission android:name="android.permission.FOREGROUND_SERVICE_CONNECTED_DEVICE" />
22-->src/main/AndroidManifest.xml:18:6-95
22-->src/main/AndroidManifest.xml:18:23-92
23    <uses-permission android:name="android.permission.FOREGROUND_SERVICE_DATA_SYNC" />
23-->src/main/AndroidManifest.xml:19:6-88
23-->src/main/AndroidManifest.xml:19:23-85
24    <uses-permission android:name="android.permission.PACKAGE_USAGE_STATS" />
24-->src/main/AndroidManifest.xml:20:6-79
24-->src/main/AndroidManifest.xml:20:23-76
25    <uses-permission android:name="android.permission.INTERNET" />
25-->src/main/AndroidManifest.xml:21:6-68
25-->src/main/AndroidManifest.xml:21:23-65
26    <!-- 后台定位权限：部分国产ROM（华为/小米/OPPO）后台扫描蓝牙需要 -->
27    <uses-permission android:name="android.permission.ACCESS_BACKGROUND_LOCATION" />
27-->src/main/AndroidManifest.xml:23:6-86
27-->src/main/AndroidManifest.xml:23:23-83
28    <!-- 高精度蓝牙扫描需要的权限 -->
29    <uses-permission android:name="android.permission.BLUETOOTH_PRIVILEGED" />
29-->src/main/AndroidManifest.xml:25:6-80
29-->src/main/AndroidManifest.xml:25:23-77
30    <!-- 防止在某些ROM上被杀死 -->
31    <uses-permission android:name="android.permission.RECEIVE_BOOT_COMPLETED" />
31-->src/main/AndroidManifest.xml:27:6-82
31-->src/main/AndroidManifest.xml:27:23-79
32
33    <permission
33-->[androidx.core:core:1.9.0] AndroidManifest.xml:22:5-24:47
34        android:name="com.xinji.heartbeat.DYNAMIC_RECEIVER_NOT_EXPORTED_PERMISSION"
34-->[androidx.core:core:1.9.0] AndroidManifest.xml:23:9-81
35        android:protectionLevel="signature" />
35-->[androidx.core:core:1.9.0] AndroidManifest.xml:24:9-44
36
37    <uses-permission android:name="com.xinji.heartbeat.DYNAMIC_RECEIVER_NOT_EXPORTED_PERMISSION" />
37-->[androidx.core:core:1.9.0] AndroidManifest.xml:26:5-97
37-->[androidx.core:core:1.9.0] AndroidManifest.xml:26:22-94
38
39    <application
39-->src/main/AndroidManifest.xml:29:5-93:21
40        android:allowBackup="true"
40-->src/main/AndroidManifest.xml:30:10-36
41        android:appComponentFactory="androidx.core.app.CoreComponentFactory"
41-->[androidx.core:core:1.9.0] AndroidManifest.xml:28:18-86
42        android:extractNativeLibs="false"
43        android:icon="@drawable/ic_launcher"
43-->src/main/AndroidManifest.xml:31:10-46
44        android:label="心迹"
44-->src/main/AndroidManifest.xml:33:10-28
45        android:persistent="false"
45-->src/main/AndroidManifest.xml:36:10-36
46        android:roundIcon="@drawable/ic_launcher"
46-->src/main/AndroidManifest.xml:32:10-51
47        android:supportsRtl="true"
47-->src/main/AndroidManifest.xml:35:10-36
48        android:theme="@style/Theme.App.Starting" >
48-->src/main/AndroidManifest.xml:34:10-51
49        <activity
49-->src/main/AndroidManifest.xml:39:1-47:22
50            android:name="com.xinji.heartbeat.OnboardingActivity"
50-->src/main/AndroidManifest.xml:40:15-49
51            android:exported="true"
51-->src/main/AndroidManifest.xml:41:15-38
52            android:theme="@style/SplashTheme" >
52-->src/main/AndroidManifest.xml:42:15-49
53            <intent-filter>
53-->src/main/AndroidManifest.xml:43:15-46:31
54                <action android:name="android.intent.action.MAIN" />
54-->src/main/AndroidManifest.xml:44:19-71
54-->src/main/AndroidManifest.xml:44:27-68
55
56                <category android:name="android.intent.category.LAUNCHER" />
56-->src/main/AndroidManifest.xml:45:19-79
56-->src/main/AndroidManifest.xml:45:29-76
57            </intent-filter>
58        </activity>
59        <activity
59-->src/main/AndroidManifest.xml:48:11-51:52
60            android:name="com.xinji.heartbeat.SplashActivity"
60-->src/main/AndroidManifest.xml:49:15-45
61            android:exported="false"
61-->src/main/AndroidManifest.xml:50:15-39
62            android:theme="@style/SplashTheme" />
62-->src/main/AndroidManifest.xml:51:15-49
63        <activity
63-->src/main/AndroidManifest.xml:53:1-59:21
64            android:name="com.xinji.heartbeat.MainActivity"
64-->src/main/AndroidManifest.xml:54:15-43
65            android:configChanges="orientation|screenSize|keyboardHidden|navigation"
65-->src/main/AndroidManifest.xml:57:15-87
66            android:exported="false"
66-->src/main/AndroidManifest.xml:55:15-39
67            android:launchMode="singleTop"
67-->src/main/AndroidManifest.xml:56:15-45
68            android:theme="@style/AppTheme" >
68-->src/main/AndroidManifest.xml:58:15-46
69        </activity>
70
71        <service
71-->src/main/AndroidManifest.xml:61:1-65:75
72            android:name="com.xinji.heartbeat.core.GameModeService"
72-->src/main/AndroidManifest.xml:62:16-52
73            android:enabled="true"
73-->src/main/AndroidManifest.xml:63:16-38
74            android:exported="false"
74-->src/main/AndroidManifest.xml:64:16-40
75            android:foregroundServiceType="connectedDevice|dataSync" />
75-->src/main/AndroidManifest.xml:65:16-72
76        <service
76-->src/main/AndroidManifest.xml:67:11-71:75
77            android:name="com.xinji.heartbeat.core.HeartRateService"
77-->src/main/AndroidManifest.xml:68:16-53
78            android:enabled="true"
78-->src/main/AndroidManifest.xml:69:16-38
79            android:exported="false"
79-->src/main/AndroidManifest.xml:70:16-40
80            android:foregroundServiceType="connectedDevice|dataSync" />
80-->src/main/AndroidManifest.xml:71:16-72
81
82        <activity
82-->src/main/AndroidManifest.xml:73:11-76:49
83            android:name="com.xinji.heartbeat.GameRecordsActivity"
83-->src/main/AndroidManifest.xml:74:15-50
84            android:exported="false"
84-->src/main/AndroidManifest.xml:75:15-39
85            android:theme="@style/AppTheme" />
85-->src/main/AndroidManifest.xml:76:15-46
86        <activity
86-->src/main/AndroidManifest.xml:78:11-82:54
87            android:name="com.xinji.heartbeat.BroadcastActivity"
87-->src/main/AndroidManifest.xml:79:15-48
88            android:exported="false"
88-->src/main/AndroidManifest.xml:80:15-39
89            android:screenOrientation="portrait"
89-->src/main/AndroidManifest.xml:82:15-51
90            android:theme="@style/AppTheme" />
90-->src/main/AndroidManifest.xml:81:15-46
91
92        <provider
93            android:name="androidx.core.content.FileProvider"
93-->src/main/AndroidManifest.xml:85:15-64
94            android:authorities="com.xinji.heartbeat.fileprovider"
94-->src/main/AndroidManifest.xml:86:15-66
95            android:exported="false"
95-->src/main/AndroidManifest.xml:87:15-39
96            android:grantUriPermissions="true" >
96-->src/main/AndroidManifest.xml:88:15-49
97            <meta-data
97-->src/main/AndroidManifest.xml:89:15-91:56
98                android:name="android.support.FILE_PROVIDER_PATHS"
98-->src/main/AndroidManifest.xml:90:19-69
99                android:resource="@xml/file_paths" />
99-->src/main/AndroidManifest.xml:91:19-53
100        </provider>
101        <provider
101-->[androidx.emoji2:emoji2:1.2.0] AndroidManifest.xml:24:9-32:20
102            android:name="androidx.startup.InitializationProvider"
102-->[androidx.emoji2:emoji2:1.2.0] AndroidManifest.xml:25:13-67
103            android:authorities="com.xinji.heartbeat.androidx-startup"
103-->[androidx.emoji2:emoji2:1.2.0] AndroidManifest.xml:26:13-68
104            android:exported="false" >
104-->[androidx.emoji2:emoji2:1.2.0] AndroidManifest.xml:27:13-37
105            <meta-data
105-->[androidx.emoji2:emoji2:1.2.0] AndroidManifest.xml:29:13-31:52
106                android:name="androidx.emoji2.text.EmojiCompatInitializer"
106-->[androidx.emoji2:emoji2:1.2.0] AndroidManifest.xml:30:17-75
107                android:value="androidx.startup" />
107-->[androidx.emoji2:emoji2:1.2.0] AndroidManifest.xml:31:17-49
108            <meta-data
108-->[androidx.lifecycle:lifecycle-process:2.6.1] AndroidManifest.xml:29:13-31:52
109                android:name="androidx.lifecycle.ProcessLifecycleInitializer"
109-->[androidx.lifecycle:lifecycle-process:2.6.1] AndroidManifest.xml:30:17-78
110                android:value="androidx.startup" />
110-->[androidx.lifecycle:lifecycle-process:2.6.1] AndroidManifest.xml:31:17-49
111            <meta-data
111-->[androidx.profileinstaller:profileinstaller:1.3.0] AndroidManifest.xml:29:13-31:52
112                android:name="androidx.profileinstaller.ProfileInstallerInitializer"
112-->[androidx.profileinstaller:profileinstaller:1.3.0] AndroidManifest.xml:30:17-85
113                android:value="androidx.startup" />
113-->[androidx.profileinstaller:profileinstaller:1.3.0] AndroidManifest.xml:31:17-49
114        </provider>
115
116        <receiver
116-->[androidx.profileinstaller:profileinstaller:1.3.0] AndroidManifest.xml:34:9-52:20
117            android:name="androidx.profileinstaller.ProfileInstallReceiver"
117-->[androidx.profileinstaller:profileinstaller:1.3.0] AndroidManifest.xml:35:13-76
118            android:directBootAware="false"
118-->[androidx.profileinstaller:profileinstaller:1.3.0] AndroidManifest.xml:36:13-44
119            android:enabled="true"
119-->[androidx.profileinstaller:profileinstaller:1.3.0] AndroidManifest.xml:37:13-35
120            android:exported="true"
120-->[androidx.profileinstaller:profileinstaller:1.3.0] AndroidManifest.xml:38:13-36
121            android:permission="android.permission.DUMP" >
121-->[androidx.profileinstaller:profileinstaller:1.3.0] AndroidManifest.xml:39:13-57
122            <intent-filter>
122-->[androidx.profileinstaller:profileinstaller:1.3.0] AndroidManifest.xml:40:13-42:29
123                <action android:name="androidx.profileinstaller.action.INSTALL_PROFILE" />
123-->[androidx.profileinstaller:profileinstaller:1.3.0] AndroidManifest.xml:41:17-91
123-->[androidx.profileinstaller:profileinstaller:1.3.0] AndroidManifest.xml:41:25-88
124            </intent-filter>
125            <intent-filter>
125-->[androidx.profileinstaller:profileinstaller:1.3.0] AndroidManifest.xml:43:13-45:29
126                <action android:name="androidx.profileinstaller.action.SKIP_FILE" />
126-->[androidx.profileinstaller:profileinstaller:1.3.0] AndroidManifest.xml:44:17-85
126-->[androidx.profileinstaller:profileinstaller:1.3.0] AndroidManifest.xml:44:25-82
127            </intent-filter>
128            <intent-filter>
128-->[androidx.profileinstaller:profileinstaller:1.3.0] AndroidManifest.xml:46:13-48:29
129                <action android:name="androidx.profileinstaller.action.SAVE_PROFILE" />
129-->[androidx.profileinstaller:profileinstaller:1.3.0] AndroidManifest.xml:47:17-88
129-->[androidx.profileinstaller:profileinstaller:1.3.0] AndroidManifest.xml:47:25-85
130            </intent-filter>
131            <intent-filter>
131-->[androidx.profileinstaller:profileinstaller:1.3.0] AndroidManifest.xml:49:13-51:29
132                <action android:name="androidx.profileinstaller.action.BENCHMARK_OPERATION" />
132-->[androidx.profileinstaller:profileinstaller:1.3.0] AndroidManifest.xml:50:17-95
132-->[androidx.profileinstaller:profileinstaller:1.3.0] AndroidManifest.xml:50:25-92
133            </intent-filter>
134        </receiver>
135    </application>
136
137</manifest>